[2020-04-24T13:45:40,424][INFO ][o.e.n.Node               ] [] initializing ...
[2020-04-24T13:45:40,503][INFO ][o.e.e.NodeEnvironment    ] [x6gkER-] using [1] data paths, mounts [[/ (/dev/disk1s1)]], net usable_space [24.6gb], net total_space [233.4gb], spins? [unknown], types [apfs]
[2020-04-24T13:45:40,504][INFO ][o.e.e.NodeEnvironment    ] [x6gkER-] heap size [1.9gb], compressed ordinary object pointers [true]
[2020-04-24T13:45:40,505][INFO ][o.e.n.Node               ] [x6gkER-] node name [x6gkER-] derived from node ID; set [node.name] to override
[2020-04-24T13:45:40,511][INFO ][o.e.n.Node               ] [x6gkER-] version[5.0.0], pid[3884], build[253032b/2016-10-26T04:37:51.531Z], OS[Mac OS X/10.13.6/x86_64], JVM[Oracle Corporation/Java HotSpot(TM) 64-Bit Server VM/1.8.0_221/25.221-b11]
[2020-04-24T13:45:41,140][INFO ][o.e.p.PluginsService     ] [x6gkER-] loaded module [aggs-matrix-stats]
[2020-04-24T13:45:41,140][INFO ][o.e.p.PluginsService     ] [x6gkER-] loaded module [ingest-common]
[2020-04-24T13:45:41,140][INFO ][o.e.p.PluginsService     ] [x6gkER-] loaded module [lang-expression]
[2020-04-24T13:45:41,140][INFO ][o.e.p.PluginsService     ] [x6gkER-] loaded module [lang-groovy]
[2020-04-24T13:45:41,141][INFO ][o.e.p.PluginsService     ] [x6gkER-] loaded module [lang-mustache]
[2020-04-24T13:45:41,141][INFO ][o.e.p.PluginsService     ] [x6gkER-] loaded module [lang-painless]
[2020-04-24T13:45:41,141][INFO ][o.e.p.PluginsService     ] [x6gkER-] loaded module [percolator]
[2020-04-24T13:45:41,141][INFO ][o.e.p.PluginsService     ] [x6gkER-] loaded module [reindex]
[2020-04-24T13:45:41,141][INFO ][o.e.p.PluginsService     ] [x6gkER-] loaded module [transport-netty3]
[2020-04-24T13:45:41,141][INFO ][o.e.p.PluginsService     ] [x6gkER-] loaded module [transport-netty4]
[2020-04-24T13:45:41,141][INFO ][o.e.p.PluginsService     ] [x6gkER-] no plugins loaded
[2020-04-24T13:45:42,622][INFO ][o.e.n.Node               ] [x6gkER-] initialized
[2020-04-24T13:45:42,622][INFO ][o.e.n.Node               ] [x6gkER-] starting ...
[2020-04-24T13:45:42,827][INFO ][o.e.t.TransportService   ] [x6gkER-] publish_address {127.0.0.1:9301}, bound_addresses {[fe80::1]:9300}, {[::1]:9301}, {127.0.0.1:9301}
[2020-04-24T13:45:43,244][WARN ][o.e.d.z.p.u.UnicastZenPing] [x6gkER-] [1] failed send ping to {#zen_unicast_1#}{oe4M0Ga7Qmejy47F6M2GOg}{127.0.0.1}{127.0.0.1:9300}
java.lang.IllegalStateException: handshake failed with {#zen_unicast_1#}{oe4M0Ga7Qmejy47F6M2GOg}{127.0.0.1}{127.0.0.1:9300}
	at org.elasticsearch.transport.TransportService.handshake(TransportService.java:364) ~[elasticsearch-5.0.0.jar:5.0.0]
	at org.elasticsearch.transport.TransportService.connectToNodeLightAndHandshake(TransportService.java:339) ~[elasticsearch-5.0.0.jar:5.0.0]
	at org.elasticsearch.transport.TransportService.connectToNodeLightAndHandshake(TransportService.java:313) ~[elasticsearch-5.0.0.jar:5.0.0]
	at org.elasticsearch.discovery.zen.ping.unicast.UnicastZenPing$2.run(UnicastZenPing.java:419) [elasticsearch-5.0.0.jar:5.0.0]
	at org.elasticsearch.common.util.concurrent.ThreadContext$ContextPreservingRunnable.run(ThreadContext.java:444) [elasticsearch-5.0.0.jar:5.0.0]
	at java.util.concurrent.ThreadPoolExecutor.runWorker(ThreadPoolExecutor.java:1149) [?:1.8.0_221]
	at java.util.concurrent.ThreadPoolExecutor$Worker.run(ThreadPoolExecutor.java:624) [?:1.8.0_221]
	at java.lang.Thread.run(Thread.java:748) [?:1.8.0_221]
Caused by: org.elasticsearch.transport.NodeDisconnectedException: [][127.0.0.1:9300][internal:transport/handshake] disconnected
[2020-04-24T13:45:43,244][WARN ][o.e.d.z.p.u.UnicastZenPing] [x6gkER-] [1] failed send ping to {#zen_unicast_6#}{JciGLpA5RnW_dUu9fVf12g}{::1}{[::1]:9300}
java.lang.IllegalStateException: handshake failed with {#zen_unicast_6#}{JciGLpA5RnW_dUu9fVf12g}{::1}{[::1]:9300}
	at org.elasticsearch.transport.TransportService.handshake(TransportService.java:364) ~[elasticsearch-5.0.0.jar:5.0.0]
	at org.elasticsearch.transport.TransportService.connectToNodeLightAndHandshake(TransportService.java:339) ~[elasticsearch-5.0.0.jar:5.0.0]
	at org.elasticsearch.transport.TransportService.connectToNodeLightAndHandshake(TransportService.java:313) ~[elasticsearch-5.0.0.jar:5.0.0]
	at org.elasticsearch.discovery.zen.ping.unicast.UnicastZenPing$2.run(UnicastZenPing.java:419) [elasticsearch-5.0.0.jar:5.0.0]
	at org.elasticsearch.common.util.concurrent.ThreadContext$ContextPreservingRunnable.run(ThreadContext.java:444) [elasticsearch-5.0.0.jar:5.0.0]
	at java.util.concurrent.ThreadPoolExecutor.runWorker(ThreadPoolExecutor.java:1149) [?:1.8.0_221]
	at java.util.concurrent.ThreadPoolExecutor$Worker.run(ThreadPoolExecutor.java:624) [?:1.8.0_221]
	at java.lang.Thread.run(Thread.java:748) [?:1.8.0_221]
Caused by: org.elasticsearch.transport.NodeDisconnectedException: [][[::1]:9300][internal:transport/handshake] disconnected
[2020-04-24T13:45:44,378][WARN ][o.e.d.z.p.u.UnicastZenPing] [x6gkER-] [1] failed send ping to {#zen_unicast_6#}{JciGLpA5RnW_dUu9fVf12g}{::1}{[::1]:9300}
java.lang.IllegalStateException: handshake failed with {#zen_unicast_6#}{JciGLpA5RnW_dUu9fVf12g}{::1}{[::1]:9300}
	at org.elasticsearch.transport.TransportService.handshake(TransportService.java:364) ~[elasticsearch-5.0.0.jar:5.0.0]
	at org.elasticsearch.transport.TransportService.connectToNodeLightAndHandshake(TransportService.java:339) ~[elasticsearch-5.0.0.jar:5.0.0]
	at org.elasticsearch.transport.TransportService.connectToNodeLightAndHandshake(TransportService.java:313) ~[elasticsearch-5.0.0.jar:5.0.0]
	at org.elasticsearch.discovery.zen.ping.unicast.UnicastZenPing$2.run(UnicastZenPing.java:419) [elasticsearch-5.0.0.jar:5.0.0]
	at org.elasticsearch.common.util.concurrent.ThreadContext$ContextPreservingRunnable.run(ThreadContext.java:444) [elasticsearch-5.0.0.jar:5.0.0]
	at java.util.concurrent.ThreadPoolExecutor.runWorker(ThreadPoolExecutor.java:1149) [?:1.8.0_221]
	at java.util.concurrent.ThreadPoolExecutor$Worker.run(ThreadPoolExecutor.java:624) [?:1.8.0_221]
	at java.lang.Thread.run(Thread.java:748) [?:1.8.0_221]
Caused by: org.elasticsearch.transport.NodeDisconnectedException: [][[::1]:9300][internal:transport/handshake] disconnected
[2020-04-24T13:45:44,379][WARN ][o.e.d.z.p.u.UnicastZenPing] [x6gkER-] [1] failed send ping to {#zen_unicast_1#}{oe4M0Ga7Qmejy47F6M2GOg}{127.0.0.1}{127.0.0.1:9300}
java.lang.IllegalStateException: handshake failed with {#zen_unicast_1#}{oe4M0Ga7Qmejy47F6M2GOg}{127.0.0.1}{127.0.0.1:9300}
	at org.elasticsearch.transport.TransportService.handshake(TransportService.java:364) ~[elasticsearch-5.0.0.jar:5.0.0]
	at org.elasticsearch.transport.TransportService.connectToNodeLightAndHandshake(TransportService.java:339) ~[elasticsearch-5.0.0.jar:5.0.0]
	at org.elasticsearch.transport.TransportService.connectToNodeLightAndHandshake(TransportService.java:313) ~[elasticsearch-5.0.0.jar:5.0.0]
	at org.elasticsearch.discovery.zen.ping.unicast.UnicastZenPing$2.run(UnicastZenPing.java:419) [elasticsearch-5.0.0.jar:5.0.0]
	at org.elasticsearch.common.util.concurrent.ThreadContext$ContextPreservingRunnable.run(ThreadContext.java:444) [elasticsearch-5.0.0.jar:5.0.0]
	at java.util.concurrent.ThreadPoolExecutor.runWorker(ThreadPoolExecutor.java:1149) [?:1.8.0_221]
	at java.util.concurrent.ThreadPoolExecutor$Worker.run(ThreadPoolExecutor.java:624) [?:1.8.0_221]
	at java.lang.Thread.run(Thread.java:748) [?:1.8.0_221]
Caused by: org.elasticsearch.transport.NodeDisconnectedException: [][127.0.0.1:9300][internal:transport/handshake] disconnected
[2020-04-24T13:45:45,881][WARN ][o.e.d.z.p.u.UnicastZenPing] [x6gkER-] [1] failed send ping to {#zen_unicast_1#}{oe4M0Ga7Qmejy47F6M2GOg}{127.0.0.1}{127.0.0.1:9300}
java.lang.IllegalStateException: handshake failed with {#zen_unicast_1#}{oe4M0Ga7Qmejy47F6M2GOg}{127.0.0.1}{127.0.0.1:9300}
	at org.elasticsearch.transport.TransportService.handshake(TransportService.java:364) ~[elasticsearch-5.0.0.jar:5.0.0]
	at org.elasticsearch.transport.TransportService.connectToNodeLightAndHandshake(TransportService.java:339) ~[elasticsearch-5.0.0.jar:5.0.0]
	at org.elasticsearch.transport.TransportService.connectToNodeLightAndHandshake(TransportService.java:313) ~[elasticsearch-5.0.0.jar:5.0.0]
	at org.elasticsearch.discovery.zen.ping.unicast.UnicastZenPing$2.run(UnicastZenPing.java:419) [elasticsearch-5.0.0.jar:5.0.0]
	at org.elasticsearch.common.util.concurrent.ThreadContext$ContextPreservingRunnable.run(ThreadContext.java:444) [elasticsearch-5.0.0.jar:5.0.0]
	at java.util.concurrent.ThreadPoolExecutor.runWorker(ThreadPoolExecutor.java:1149) [?:1.8.0_221]
	at java.util.concurrent.ThreadPoolExecutor$Worker.run(ThreadPoolExecutor.java:624) [?:1.8.0_221]
	at java.lang.Thread.run(Thread.java:748) [?:1.8.0_221]
Caused by: org.elasticsearch.transport.NodeDisconnectedException: [][127.0.0.1:9300][internal:transport/handshake] disconnected
[2020-04-24T13:45:45,885][WARN ][o.e.d.z.p.u.UnicastZenPing] [x6gkER-] [1] failed send ping to {#zen_unicast_6#}{JciGLpA5RnW_dUu9fVf12g}{::1}{[::1]:9300}
java.lang.IllegalStateException: handshake failed with {#zen_unicast_6#}{JciGLpA5RnW_dUu9fVf12g}{::1}{[::1]:9300}
	at org.elasticsearch.transport.TransportService.handshake(TransportService.java:364) ~[elasticsearch-5.0.0.jar:5.0.0]
	at org.elasticsearch.transport.TransportService.connectToNodeLightAndHandshake(TransportService.java:339) ~[elasticsearch-5.0.0.jar:5.0.0]
	at org.elasticsearch.transport.TransportService.connectToNodeLightAndHandshake(TransportService.java:313) ~[elasticsearch-5.0.0.jar:5.0.0]
	at org.elasticsearch.discovery.zen.ping.unicast.UnicastZenPing$2.run(UnicastZenPing.java:419) [elasticsearch-5.0.0.jar:5.0.0]
	at org.elasticsearch.common.util.concurrent.ThreadContext$ContextPreservingRunnable.run(ThreadContext.java:444) [elasticsearch-5.0.0.jar:5.0.0]
	at java.util.concurrent.ThreadPoolExecutor.runWorker(ThreadPoolExecutor.java:1149) [?:1.8.0_221]
	at java.util.concurrent.ThreadPoolExecutor$Worker.run(ThreadPoolExecutor.java:624) [?:1.8.0_221]
	at java.lang.Thread.run(Thread.java:748) [?:1.8.0_221]
Caused by: org.elasticsearch.transport.NodeDisconnectedException: [][[::1]:9300][internal:transport/handshake] disconnected
[2020-04-24T13:45:45,895][INFO ][o.e.c.s.ClusterService   ] [x6gkER-] new_master {x6gkER-}{x6gkER-kSlitpB9x61_PNQ}{bpVLMvuMTsuJ3lRYimEscA}{127.0.0.1}{127.0.0.1:9301}, reason: zen-disco-elected-as-master ([0] nodes joined)
[2020-04-24T13:45:45,930][INFO ][o.e.h.HttpServer         ] [x6gkER-] publish_address {127.0.0.1:9201}, bound_addresses {[fe80::1]:9200}, {[::1]:9201}, {127.0.0.1:9201}
[2020-04-24T13:45:45,931][INFO ][o.e.n.Node               ] [x6gkER-] started
[2020-04-24T13:45:45,934][INFO ][o.e.g.GatewayService     ] [x6gkER-] recovered [0] indices into cluster_state
[2020-04-24T13:46:15,907][INFO ][o.e.c.r.a.DiskThresholdMonitor] [x6gkER-] low disk watermark [85%] exceeded on [x6gkER-kSlitpB9x61_PNQ][x6gkER-][/www/projects/elasticsearch-5.0.0/data/nodes/0] free: 24.6gb[10.5%], replicas will not be assigned to this node
[2020-04-24T13:46:45,915][INFO ][o.e.c.r.a.DiskThresholdMonitor] [x6gkER-] low disk watermark [85%] exceeded on [x6gkER-kSlitpB9x61_PNQ][x6gkER-][/www/projects/elasticsearch-5.0.0/data/nodes/0] free: 24.6gb[10.5%], replicas will not be assigned to this node
[2020-04-24T13:47:15,917][INFO ][o.e.c.r.a.DiskThresholdMonitor] [x6gkER-] low disk watermark [85%] exceeded on [x6gkER-kSlitpB9x61_PNQ][x6gkER-][/www/projects/elasticsearch-5.0.0/data/nodes/0] free: 24.6gb[10.5%], replicas will not be assigned to this node
[2020-04-24T13:47:45,922][INFO ][o.e.c.r.a.DiskThresholdMonitor] [x6gkER-] low disk watermark [85%] exceeded on [x6gkER-kSlitpB9x61_PNQ][x6gkER-][/www/projects/elasticsearch-5.0.0/data/nodes/0] free: 24.6gb[10.5%], replicas will not be assigned to this node
[2020-04-24T13:48:15,960][INFO ][o.e.c.r.a.DiskThresholdMonitor] [x6gkER-] low disk watermark [85%] exceeded on [x6gkER-kSlitpB9x61_PNQ][x6gkER-][/www/projects/elasticsearch-5.0.0/data/nodes/0] free: 24.6gb[10.5%], replicas will not be assigned to this node
[2020-04-24T13:48:45,964][INFO ][o.e.c.r.a.DiskThresholdMonitor] [x6gkER-] low disk watermark [85%] exceeded on [x6gkER-kSlitpB9x61_PNQ][x6gkER-][/www/projects/elasticsearch-5.0.0/data/nodes/0] free: 24.6gb[10.5%], replicas will not be assigned to this node
[2020-04-24T13:48:46,234][INFO ][o.e.n.Node               ] [x6gkER-] stopping ...
[2020-04-24T13:48:46,269][INFO ][o.e.n.Node               ] [x6gkER-] stopped
[2020-04-24T13:48:46,269][INFO ][o.e.n.Node               ] [x6gkER-] closing ...
[2020-04-24T13:48:46,276][INFO ][o.e.n.Node               ] [x6gkER-] closed
[2020-04-24T13:49:33,740][INFO ][o.e.n.Node               ] [] initializing ...
[2020-04-24T13:49:33,795][INFO ][o.e.e.NodeEnvironment    ] [x6gkER-] using [1] data paths, mounts [[/ (/dev/disk1s1)]], net usable_space [25.6gb], net total_space [233.4gb], spins? [unknown], types [apfs]
[2020-04-24T13:49:33,795][INFO ][o.e.e.NodeEnvironment    ] [x6gkER-] heap size [1.9gb], compressed ordinary object pointers [true]
[2020-04-24T13:49:33,796][INFO ][o.e.n.Node               ] [x6gkER-] node name [x6gkER-] derived from node ID; set [node.name] to override
[2020-04-24T13:49:33,798][INFO ][o.e.n.Node               ] [x6gkER-] version[5.0.0], pid[7750], build[253032b/2016-10-26T04:37:51.531Z], OS[Mac OS X/10.13.6/x86_64], JVM[Oracle Corporation/Java HotSpot(TM) 64-Bit Server VM/1.8.0_221/25.221-b11]
[2020-04-24T13:49:34,338][INFO ][o.e.p.PluginsService     ] [x6gkER-] loaded module [aggs-matrix-stats]
[2020-04-24T13:49:34,339][INFO ][o.e.p.PluginsService     ] [x6gkER-] loaded module [ingest-common]
[2020-04-24T13:49:34,339][INFO ][o.e.p.PluginsService     ] [x6gkER-] loaded module [lang-expression]
[2020-04-24T13:49:34,339][INFO ][o.e.p.PluginsService     ] [x6gkER-] loaded module [lang-groovy]
[2020-04-24T13:49:34,339][INFO ][o.e.p.PluginsService     ] [x6gkER-] loaded module [lang-mustache]
[2020-04-24T13:49:34,339][INFO ][o.e.p.PluginsService     ] [x6gkER-] loaded module [lang-painless]
[2020-04-24T13:49:34,339][INFO ][o.e.p.PluginsService     ] [x6gkER-] loaded module [percolator]
[2020-04-24T13:49:34,339][INFO ][o.e.p.PluginsService     ] [x6gkER-] loaded module [reindex]
[2020-04-24T13:49:34,339][INFO ][o.e.p.PluginsService     ] [x6gkER-] loaded module [transport-netty3]
[2020-04-24T13:49:34,339][INFO ][o.e.p.PluginsService     ] [x6gkER-] loaded module [transport-netty4]
[2020-04-24T13:49:34,340][INFO ][o.e.p.PluginsService     ] [x6gkER-] no plugins loaded
[2020-04-24T13:49:35,819][INFO ][o.e.n.Node               ] [x6gkER-] initialized
[2020-04-24T13:49:35,820][INFO ][o.e.n.Node               ] [x6gkER-] starting ...
[2020-04-24T13:49:35,946][INFO ][o.e.t.TransportService   ] [x6gkER-] publish_address {127.0.0.1:9300}, bound_addresses {[fe80::1]:9300}, {[::1]:9300}, {127.0.0.1:9300}
[2020-04-24T13:49:39,097][INFO ][o.e.c.s.ClusterService   ] [x6gkER-] new_master {x6gkER-}{x6gkER-kSlitpB9x61_PNQ}{RJT-11EBTMiaPs-vMFhicQ}{127.0.0.1}{127.0.0.1:9300}, reason: zen-disco-elected-as-master ([0] nodes joined)
[2020-04-24T13:49:39,116][INFO ][o.e.g.GatewayService     ] [x6gkER-] recovered [0] indices into cluster_state
[2020-04-24T13:49:39,123][INFO ][o.e.h.HttpServer         ] [x6gkER-] publish_address {127.0.0.1:9200}, bound_addresses {[fe80::1]:9200}, {[::1]:9200}, {127.0.0.1:9200}
[2020-04-24T13:49:39,123][INFO ][o.e.n.Node               ] [x6gkER-] started
[2020-04-24T13:49:43,529][INFO ][o.e.c.m.MetaDataCreateIndexService] [x6gkER-] [dev_search] creating index, cause [api], templates [], shards [5]/[1], mappings [service_location, test, invoice, device, customer]
[2020-04-24T13:50:09,130][INFO ][o.e.c.r.a.DiskThresholdMonitor] [x6gkER-] low disk watermark [85%] exceeded on [x6gkER-kSlitpB9x61_PNQ][x6gkER-][/www/projects/elasticsearch-5.0.0/data/nodes/0] free: 24.7gb[10.5%], replicas will not be assigned to this node
[2020-04-24T13:50:39,149][INFO ][o.e.c.r.a.DiskThresholdMonitor] [x6gkER-] low disk watermark [85%] exceeded on [x6gkER-kSlitpB9x61_PNQ][x6gkER-][/www/projects/elasticsearch-5.0.0/data/nodes/0] free: 24.7gb[10.5%], replicas will not be assigned to this node
[2020-04-24T13:51:09,169][INFO ][o.e.c.r.a.DiskThresholdMonitor] [x6gkER-] low disk watermark [85%] exceeded on [x6gkER-kSlitpB9x61_PNQ][x6gkER-][/www/projects/elasticsearch-5.0.0/data/nodes/0] free: 24.7gb[10.5%], replicas will not be assigned to this node
[2020-04-24T13:51:39,185][INFO ][o.e.c.r.a.DiskThresholdMonitor] [x6gkER-] low disk watermark [85%] exceeded on [x6gkER-kSlitpB9x61_PNQ][x6gkER-][/www/projects/elasticsearch-5.0.0/data/nodes/0] free: 24.7gb[10.5%], replicas will not be assigned to this node
[2020-04-24T13:52:09,204][INFO ][o.e.c.r.a.DiskThresholdMonitor] [x6gkER-] low disk watermark [85%] exceeded on [x6gkER-kSlitpB9x61_PNQ][x6gkER-][/www/projects/elasticsearch-5.0.0/data/nodes/0] free: 24.7gb[10.5%], replicas will not be assigned to this node
[2020-04-24T13:52:39,219][INFO ][o.e.c.r.a.DiskThresholdMonitor] [x6gkER-] low disk watermark [85%] exceeded on [x6gkER-kSlitpB9x61_PNQ][x6gkER-][/www/projects/elasticsearch-5.0.0/data/nodes/0] free: 25.7gb[11%], replicas will not be assigned to this node
[2020-04-24T13:53:09,237][INFO ][o.e.c.r.a.DiskThresholdMonitor] [x6gkER-] low disk watermark [85%] exceeded on [x6gkER-kSlitpB9x61_PNQ][x6gkER-][/www/projects/elasticsearch-5.0.0/data/nodes/0] free: 25.7gb[11%], replicas will not be assigned to this node
[2020-04-24T13:53:39,254][INFO ][o.e.c.r.a.DiskThresholdMonitor] [x6gkER-] low disk watermark [85%] exceeded on [x6gkER-kSlitpB9x61_PNQ][x6gkER-][/www/projects/elasticsearch-5.0.0/data/nodes/0] free: 25.7gb[11%], replicas will not be assigned to this node
[2020-04-24T13:54:09,271][INFO ][o.e.c.r.a.DiskThresholdMonitor] [x6gkER-] low disk watermark [85%] exceeded on [x6gkER-kSlitpB9x61_PNQ][x6gkER-][/www/projects/elasticsearch-5.0.0/data/nodes/0] free: 25.7gb[11%], replicas will not be assigned to this node
[2020-04-24T13:54:39,286][INFO ][o.e.c.r.a.DiskThresholdMonitor] [x6gkER-] low disk watermark [85%] exceeded on [x6gkER-kSlitpB9x61_PNQ][x6gkER-][/www/projects/elasticsearch-5.0.0/data/nodes/0] free: 25.7gb[11%], replicas will not be assigned to this node
[2020-04-24T13:55:09,302][INFO ][o.e.c.r.a.DiskThresholdMonitor] [x6gkER-] low disk watermark [85%] exceeded on [x6gkER-kSlitpB9x61_PNQ][x6gkER-][/www/projects/elasticsearch-5.0.0/data/nodes/0] free: 25.7gb[11%], replicas will not be assigned to this node
[2020-04-24T13:55:39,319][INFO ][o.e.c.r.a.DiskThresholdMonitor] [x6gkER-] low disk watermark [85%] exceeded on [x6gkER-kSlitpB9x61_PNQ][x6gkER-][/www/projects/elasticsearch-5.0.0/data/nodes/0] free: 25.7gb[11%], replicas will not be assigned to this node
[2020-04-24T13:56:09,335][INFO ][o.e.c.r.a.DiskThresholdMonitor] [x6gkER-] low disk watermark [85%] exceeded on [x6gkER-kSlitpB9x61_PNQ][x6gkER-][/www/projects/elasticsearch-5.0.0/data/nodes/0] free: 25.7gb[11%], replicas will not be assigned to this node
[2020-04-24T13:56:39,350][INFO ][o.e.c.r.a.DiskThresholdMonitor] [x6gkER-] low disk watermark [85%] exceeded on [x6gkER-kSlitpB9x61_PNQ][x6gkER-][/www/projects/elasticsearch-5.0.0/data/nodes/0] free: 25.7gb[11%], replicas will not be assigned to this node
[2020-04-24T13:57:09,366][INFO ][o.e.c.r.a.DiskThresholdMonitor] [x6gkER-] low disk watermark [85%] exceeded on [x6gkER-kSlitpB9x61_PNQ][x6gkER-][/www/projects/elasticsearch-5.0.0/data/nodes/0] free: 25.7gb[11%], replicas will not be assigned to this node
[2020-04-24T13:57:39,382][INFO ][o.e.c.r.a.DiskThresholdMonitor] [x6gkER-] low disk watermark [85%] exceeded on [x6gkER-kSlitpB9x61_PNQ][x6gkER-][/www/projects/elasticsearch-5.0.0/data/nodes/0] free: 25.7gb[11%], replicas will not be assigned to this node
[2020-04-24T13:58:09,398][INFO ][o.e.c.r.a.DiskThresholdMonitor] [x6gkER-] low disk watermark [85%] exceeded on [x6gkER-kSlitpB9x61_PNQ][x6gkER-][/www/projects/elasticsearch-5.0.0/data/nodes/0] free: 25.7gb[11%], replicas will not be assigned to this node
[2020-04-24T13:58:39,411][INFO ][o.e.c.r.a.DiskThresholdMonitor] [x6gkER-] low disk watermark [85%] exceeded on [x6gkER-kSlitpB9x61_PNQ][x6gkER-][/www/projects/elasticsearch-5.0.0/data/nodes/0] free: 25.7gb[11%], replicas will not be assigned to this node
[2020-04-24T13:59:09,424][INFO ][o.e.c.r.a.DiskThresholdMonitor] [x6gkER-] low disk watermark [85%] exceeded on [x6gkER-kSlitpB9x61_PNQ][x6gkER-][/www/projects/elasticsearch-5.0.0/data/nodes/0] free: 25.7gb[11%], replicas will not be assigned to this node
[2020-04-24T13:59:39,438][INFO ][o.e.c.r.a.DiskThresholdMonitor] [x6gkER-] low disk watermark [85%] exceeded on [x6gkER-kSlitpB9x61_PNQ][x6gkER-][/www/projects/elasticsearch-5.0.0/data/nodes/0] free: 25.7gb[11%], replicas will not be assigned to this node
[2020-04-24T14:00:09,454][INFO ][o.e.c.r.a.DiskThresholdMonitor] [x6gkER-] low disk watermark [85%] exceeded on [x6gkER-kSlitpB9x61_PNQ][x6gkER-][/www/projects/elasticsearch-5.0.0/data/nodes/0] free: 25.7gb[11%], replicas will not be assigned to this node
[2020-04-24T14:00:39,472][INFO ][o.e.c.r.a.DiskThresholdMonitor] [x6gkER-] low disk watermark [85%] exceeded on [x6gkER-kSlitpB9x61_PNQ][x6gkER-][/www/projects/elasticsearch-5.0.0/data/nodes/0] free: 25.7gb[11%], replicas will not be assigned to this node
[2020-04-24T14:01:09,487][INFO ][o.e.c.r.a.DiskThresholdMonitor] [x6gkER-] low disk watermark [85%] exceeded on [x6gkER-kSlitpB9x61_PNQ][x6gkER-][/www/projects/elasticsearch-5.0.0/data/nodes/0] free: 25.7gb[11%], replicas will not be assigned to this node
[2020-04-24T14:01:39,511][INFO ][o.e.c.r.a.DiskThresholdMonitor] [x6gkER-] low disk watermark [85%] exceeded on [x6gkER-kSlitpB9x61_PNQ][x6gkER-][/www/projects/elasticsearch-5.0.0/data/nodes/0] free: 25.7gb[11%], replicas will not be assigned to this node
[2020-04-24T14:02:09,523][INFO ][o.e.c.r.a.DiskThresholdMonitor] [x6gkER-] low disk watermark [85%] exceeded on [x6gkER-kSlitpB9x61_PNQ][x6gkER-][/www/projects/elasticsearch-5.0.0/data/nodes/0] free: 25.7gb[11%], replicas will not be assigned to this node
[2020-04-24T14:02:39,539][INFO ][o.e.c.r.a.DiskThresholdMonitor] [x6gkER-] low disk watermark [85%] exceeded on [x6gkER-kSlitpB9x61_PNQ][x6gkER-][/www/projects/elasticsearch-5.0.0/data/nodes/0] free: 25.7gb[11%], replicas will not be assigned to this node
[2020-04-24T14:03:09,552][INFO ][o.e.c.r.a.DiskThresholdMonitor] [x6gkER-] low disk watermark [85%] exceeded on [x6gkER-kSlitpB9x61_PNQ][x6gkER-][/www/projects/elasticsearch-5.0.0/data/nodes/0] free: 25.7gb[11%], replicas will not be assigned to this node
[2020-04-24T14:03:39,565][INFO ][o.e.c.r.a.DiskThresholdMonitor] [x6gkER-] low disk watermark [85%] exceeded on [x6gkER-kSlitpB9x61_PNQ][x6gkER-][/www/projects/elasticsearch-5.0.0/data/nodes/0] free: 25.7gb[11%], replicas will not be assigned to this node
[2020-04-24T14:04:09,578][INFO ][o.e.c.r.a.DiskThresholdMonitor] [x6gkER-] low disk watermark [85%] exceeded on [x6gkER-kSlitpB9x61_PNQ][x6gkER-][/www/projects/elasticsearch-5.0.0/data/nodes/0] free: 25.7gb[11%], replicas will not be assigned to this node
[2020-04-24T14:04:39,597][INFO ][o.e.c.r.a.DiskThresholdMonitor] [x6gkER-] low disk watermark [85%] exceeded on [x6gkER-kSlitpB9x61_PNQ][x6gkER-][/www/projects/elasticsearch-5.0.0/data/nodes/0] free: 25.7gb[11%], replicas will not be assigned to this node
[2020-04-24T14:05:09,613][INFO ][o.e.c.r.a.DiskThresholdMonitor] [x6gkER-] low disk watermark [85%] exceeded on [x6gkER-kSlitpB9x61_PNQ][x6gkER-][/www/projects/elasticsearch-5.0.0/data/nodes/0] free: 25.7gb[11%], replicas will not be assigned to this node
[2020-04-24T14:05:39,626][INFO ][o.e.c.r.a.DiskThresholdMonitor] [x6gkER-] low disk watermark [85%] exceeded on [x6gkER-kSlitpB9x61_PNQ][x6gkER-][/www/projects/elasticsearch-5.0.0/data/nodes/0] free: 25.7gb[11%], replicas will not be assigned to this node
[2020-04-24T14:06:09,637][INFO ][o.e.c.r.a.DiskThresholdMonitor] [x6gkER-] low disk watermark [85%] exceeded on [x6gkER-kSlitpB9x61_PNQ][x6gkER-][/www/projects/elasticsearch-5.0.0/data/nodes/0] free: 25.7gb[11%], replicas will not be assigned to this node
[2020-04-24T14:06:39,652][INFO ][o.e.c.r.a.DiskThresholdMonitor] [x6gkER-] low disk watermark [85%] exceeded on [x6gkER-kSlitpB9x61_PNQ][x6gkER-][/www/projects/elasticsearch-5.0.0/data/nodes/0] free: 25.7gb[11%], replicas will not be assigned to this node
[2020-04-24T14:07:09,664][INFO ][o.e.c.r.a.DiskThresholdMonitor] [x6gkER-] low disk watermark [85%] exceeded on [x6gkER-kSlitpB9x61_PNQ][x6gkER-][/www/projects/elasticsearch-5.0.0/data/nodes/0] free: 25.7gb[11%], replicas will not be assigned to this node
[2020-04-24T14:07:39,674][INFO ][o.e.c.r.a.DiskThresholdMonitor] [x6gkER-] low disk watermark [85%] exceeded on [x6gkER-kSlitpB9x61_PNQ][x6gkER-][/www/projects/elasticsearch-5.0.0/data/nodes/0] free: 25.7gb[11%], replicas will not be assigned to this node
[2020-04-24T14:08:09,687][INFO ][o.e.c.r.a.DiskThresholdMonitor] [x6gkER-] low disk watermark [85%] exceeded on [x6gkER-kSlitpB9x61_PNQ][x6gkER-][/www/projects/elasticsearch-5.0.0/data/nodes/0] free: 25.7gb[11%], replicas will not be assigned to this node
[2020-04-24T14:08:39,703][INFO ][o.e.c.r.a.DiskThresholdMonitor] [x6gkER-] low disk watermark [85%] exceeded on [x6gkER-kSlitpB9x61_PNQ][x6gkER-][/www/projects/elasticsearch-5.0.0/data/nodes/0] free: 25.7gb[11%], replicas will not be assigned to this node
[2020-04-24T14:09:09,718][INFO ][o.e.c.r.a.DiskThresholdMonitor] [x6gkER-] low disk watermark [85%] exceeded on [x6gkER-kSlitpB9x61_PNQ][x6gkER-][/www/projects/elasticsearch-5.0.0/data/nodes/0] free: 25.7gb[11%], replicas will not be assigned to this node
[2020-04-24T14:09:39,731][INFO ][o.e.c.r.a.DiskThresholdMonitor] [x6gkER-] low disk watermark [85%] exceeded on [x6gkER-kSlitpB9x61_PNQ][x6gkER-][/www/projects/elasticsearch-5.0.0/data/nodes/0] free: 25.7gb[11%], replicas will not be assigned to this node
[2020-04-24T14:10:09,746][INFO ][o.e.c.r.a.DiskThresholdMonitor] [x6gkER-] low disk watermark [85%] exceeded on [x6gkER-kSlitpB9x61_PNQ][x6gkER-][/www/projects/elasticsearch-5.0.0/data/nodes/0] free: 25.7gb[11%], replicas will not be assigned to this node
[2020-04-24T14:10:39,762][INFO ][o.e.c.r.a.DiskThresholdMonitor] [x6gkER-] low disk watermark [85%] exceeded on [x6gkER-kSlitpB9x61_PNQ][x6gkER-][/www/projects/elasticsearch-5.0.0/data/nodes/0] free: 25.7gb[11%], replicas will not be assigned to this node
[2020-04-24T14:11:09,773][INFO ][o.e.c.r.a.DiskThresholdMonitor] [x6gkER-] low disk watermark [85%] exceeded on [x6gkER-kSlitpB9x61_PNQ][x6gkER-][/www/projects/elasticsearch-5.0.0/data/nodes/0] free: 25.7gb[11%], replicas will not be assigned to this node
[2020-04-24T14:11:39,787][INFO ][o.e.c.r.a.DiskThresholdMonitor] [x6gkER-] low disk watermark [85%] exceeded on [x6gkER-kSlitpB9x61_PNQ][x6gkER-][/www/projects/elasticsearch-5.0.0/data/nodes/0] free: 25.7gb[11%], replicas will not be assigned to this node
[2020-04-24T14:12:09,804][INFO ][o.e.c.r.a.DiskThresholdMonitor] [x6gkER-] low disk watermark [85%] exceeded on [x6gkER-kSlitpB9x61_PNQ][x6gkER-][/www/projects/elasticsearch-5.0.0/data/nodes/0] free: 25.7gb[11%], replicas will not be assigned to this node
[2020-04-24T14:12:39,820][INFO ][o.e.c.r.a.DiskThresholdMonitor] [x6gkER-] low disk watermark [85%] exceeded on [x6gkER-kSlitpB9x61_PNQ][x6gkER-][/www/projects/elasticsearch-5.0.0/data/nodes/0] free: 25.7gb[11%], replicas will not be assigned to this node
[2020-04-24T14:13:09,835][INFO ][o.e.c.r.a.DiskThresholdMonitor] [x6gkER-] low disk watermark [85%] exceeded on [x6gkER-kSlitpB9x61_PNQ][x6gkER-][/www/projects/elasticsearch-5.0.0/data/nodes/0] free: 25.7gb[11%], replicas will not be assigned to this node
[2020-04-24T14:13:39,853][INFO ][o.e.c.r.a.DiskThresholdMonitor] [x6gkER-] low disk watermark [85%] exceeded on [x6gkER-kSlitpB9x61_PNQ][x6gkER-][/www/projects/elasticsearch-5.0.0/data/nodes/0] free: 25.7gb[11%], replicas will not be assigned to this node
[2020-04-24T14:14:09,868][INFO ][o.e.c.r.a.DiskThresholdMonitor] [x6gkER-] low disk watermark [85%] exceeded on [x6gkER-kSlitpB9x61_PNQ][x6gkER-][/www/projects/elasticsearch-5.0.0/data/nodes/0] free: 25.7gb[11%], replicas will not be assigned to this node
[2020-04-24T14:14:39,883][INFO ][o.e.c.r.a.DiskThresholdMonitor] [x6gkER-] low disk watermark [85%] exceeded on [x6gkER-kSlitpB9x61_PNQ][x6gkER-][/www/projects/elasticsearch-5.0.0/data/nodes/0] free: 25.7gb[11%], replicas will not be assigned to this node
[2020-04-24T14:15:09,901][INFO ][o.e.c.r.a.DiskThresholdMonitor] [x6gkER-] low disk watermark [85%] exceeded on [x6gkER-kSlitpB9x61_PNQ][x6gkER-][/www/projects/elasticsearch-5.0.0/data/nodes/0] free: 25.7gb[11%], replicas will not be assigned to this node
[2020-04-24T14:15:39,918][INFO ][o.e.c.r.a.DiskThresholdMonitor] [x6gkER-] low disk watermark [85%] exceeded on [x6gkER-kSlitpB9x61_PNQ][x6gkER-][/www/projects/elasticsearch-5.0.0/data/nodes/0] free: 25.7gb[11%], replicas will not be assigned to this node
[2020-04-24T14:16:09,931][INFO ][o.e.c.r.a.DiskThresholdMonitor] [x6gkER-] low disk watermark [85%] exceeded on [x6gkER-kSlitpB9x61_PNQ][x6gkER-][/www/projects/elasticsearch-5.0.0/data/nodes/0] free: 25.7gb[11%], replicas will not be assigned to this node
[2020-04-24T14:16:39,949][INFO ][o.e.c.r.a.DiskThresholdMonitor] [x6gkER-] low disk watermark [85%] exceeded on [x6gkER-kSlitpB9x61_PNQ][x6gkER-][/www/projects/elasticsearch-5.0.0/data/nodes/0] free: 25.7gb[11%], replicas will not be assigned to this node
[2020-04-24T14:17:09,960][INFO ][o.e.c.r.a.DiskThresholdMonitor] [x6gkER-] low disk watermark [85%] exceeded on [x6gkER-kSlitpB9x61_PNQ][x6gkER-][/www/projects/elasticsearch-5.0.0/data/nodes/0] free: 25.7gb[11%], replicas will not be assigned to this node
[2020-04-24T14:17:39,977][INFO ][o.e.c.r.a.DiskThresholdMonitor] [x6gkER-] low disk watermark [85%] exceeded on [x6gkER-kSlitpB9x61_PNQ][x6gkER-][/www/projects/elasticsearch-5.0.0/data/nodes/0] free: 25.7gb[11%], replicas will not be assigned to this node
[2020-04-24T14:18:09,995][INFO ][o.e.c.r.a.DiskThresholdMonitor] [x6gkER-] low disk watermark [85%] exceeded on [x6gkER-kSlitpB9x61_PNQ][x6gkER-][/www/projects/elasticsearch-5.0.0/data/nodes/0] free: 25.7gb[11%], replicas will not be assigned to this node
[2020-04-24T14:18:40,009][INFO ][o.e.c.r.a.DiskThresholdMonitor] [x6gkER-] low disk watermark [85%] exceeded on [x6gkER-kSlitpB9x61_PNQ][x6gkER-][/www/projects/elasticsearch-5.0.0/data/nodes/0] free: 25.7gb[11%], replicas will not be assigned to this node
[2020-04-24T14:19:10,021][INFO ][o.e.c.r.a.DiskThresholdMonitor] [x6gkER-] low disk watermark [85%] exceeded on [x6gkER-kSlitpB9x61_PNQ][x6gkER-][/www/projects/elasticsearch-5.0.0/data/nodes/0] free: 25.7gb[11%], replicas will not be assigned to this node
[2020-04-24T14:19:40,035][INFO ][o.e.c.r.a.DiskThresholdMonitor] [x6gkER-] low disk watermark [85%] exceeded on [x6gkER-kSlitpB9x61_PNQ][x6gkER-][/www/projects/elasticsearch-5.0.0/data/nodes/0] free: 25.7gb[11%], replicas will not be assigned to this node
[2020-04-24T14:20:10,045][INFO ][o.e.c.r.a.DiskThresholdMonitor] [x6gkER-] low disk watermark [85%] exceeded on [x6gkER-kSlitpB9x61_PNQ][x6gkER-][/www/projects/elasticsearch-5.0.0/data/nodes/0] free: 25.7gb[11%], replicas will not be assigned to this node
[2020-04-24T14:20:40,058][INFO ][o.e.c.r.a.DiskThresholdMonitor] [x6gkER-] low disk watermark [85%] exceeded on [x6gkER-kSlitpB9x61_PNQ][x6gkER-][/www/projects/elasticsearch-5.0.0/data/nodes/0] free: 24.7gb[10.5%], replicas will not be assigned to this node
[2020-04-24T14:21:10,073][INFO ][o.e.c.r.a.DiskThresholdMonitor] [x6gkER-] low disk watermark [85%] exceeded on [x6gkER-kSlitpB9x61_PNQ][x6gkER-][/www/projects/elasticsearch-5.0.0/data/nodes/0] free: 25.7gb[11%], replicas will not be assigned to this node
[2020-04-24T14:21:40,085][INFO ][o.e.c.r.a.DiskThresholdMonitor] [x6gkER-] low disk watermark [85%] exceeded on [x6gkER-kSlitpB9x61_PNQ][x6gkER-][/www/projects/elasticsearch-5.0.0/data/nodes/0] free: 25.7gb[11%], replicas will not be assigned to this node
[2020-04-24T14:22:10,097][INFO ][o.e.c.r.a.DiskThresholdMonitor] [x6gkER-] low disk watermark [85%] exceeded on [x6gkER-kSlitpB9x61_PNQ][x6gkER-][/www/projects/elasticsearch-5.0.0/data/nodes/0] free: 25.7gb[11%], replicas will not be assigned to this node
[2020-04-24T14:22:40,111][INFO ][o.e.c.r.a.DiskThresholdMonitor] [x6gkER-] low disk watermark [85%] exceeded on [x6gkER-kSlitpB9x61_PNQ][x6gkER-][/www/projects/elasticsearch-5.0.0/data/nodes/0] free: 25.7gb[11%], replicas will not be assigned to this node
[2020-04-24T14:23:10,128][INFO ][o.e.c.r.a.DiskThresholdMonitor] [x6gkER-] low disk watermark [85%] exceeded on [x6gkER-kSlitpB9x61_PNQ][x6gkER-][/www/projects/elasticsearch-5.0.0/data/nodes/0] free: 25.7gb[11%], replicas will not be assigned to this node
[2020-04-24T14:23:40,142][INFO ][o.e.c.r.a.DiskThresholdMonitor] [x6gkER-] low disk watermark [85%] exceeded on [x6gkER-kSlitpB9x61_PNQ][x6gkER-][/www/projects/elasticsearch-5.0.0/data/nodes/0] free: 25.7gb[11%], replicas will not be assigned to this node
[2020-04-24T14:24:10,156][INFO ][o.e.c.r.a.DiskThresholdMonitor] [x6gkER-] low disk watermark [85%] exceeded on [x6gkER-kSlitpB9x61_PNQ][x6gkER-][/www/projects/elasticsearch-5.0.0/data/nodes/0] free: 25.7gb[11%], replicas will not be assigned to this node
[2020-04-24T14:24:40,176][INFO ][o.e.c.r.a.DiskThresholdMonitor] [x6gkER-] low disk watermark [85%] exceeded on [x6gkER-kSlitpB9x61_PNQ][x6gkER-][/www/projects/elasticsearch-5.0.0/data/nodes/0] free: 26.7gb[11.4%], replicas will not be assigned to this node
[2020-04-24T14:25:10,191][INFO ][o.e.c.r.a.DiskThresholdMonitor] [x6gkER-] low disk watermark [85%] exceeded on [x6gkER-kSlitpB9x61_PNQ][x6gkER-][/www/projects/elasticsearch-5.0.0/data/nodes/0] free: 26.7gb[11.4%], replicas will not be assigned to this node
[2020-04-24T14:25:40,206][INFO ][o.e.c.r.a.DiskThresholdMonitor] [x6gkER-] low disk watermark [85%] exceeded on [x6gkER-kSlitpB9x61_PNQ][x6gkER-][/www/projects/elasticsearch-5.0.0/data/nodes/0] free: 26.7gb[11.4%], replicas will not be assigned to this node
[2020-04-24T14:26:10,219][INFO ][o.e.c.r.a.DiskThresholdMonitor] [x6gkER-] low disk watermark [85%] exceeded on [x6gkER-kSlitpB9x61_PNQ][x6gkER-][/www/projects/elasticsearch-5.0.0/data/nodes/0] free: 26.7gb[11.4%], replicas will not be assigned to this node
[2020-04-24T14:26:40,240][INFO ][o.e.c.r.a.DiskThresholdMonitor] [x6gkER-] low disk watermark [85%] exceeded on [x6gkER-kSlitpB9x61_PNQ][x6gkER-][/www/projects/elasticsearch-5.0.0/data/nodes/0] free: 26.7gb[11.4%], replicas will not be assigned to this node
[2020-04-24T14:27:10,257][INFO ][o.e.c.r.a.DiskThresholdMonitor] [x6gkER-] low disk watermark [85%] exceeded on [x6gkER-kSlitpB9x61_PNQ][x6gkER-][/www/projects/elasticsearch-5.0.0/data/nodes/0] free: 26.7gb[11.4%], replicas will not be assigned to this node
[2020-04-24T14:27:40,274][INFO ][o.e.c.r.a.DiskThresholdMonitor] [x6gkER-] low disk watermark [85%] exceeded on [x6gkER-kSlitpB9x61_PNQ][x6gkER-][/www/projects/elasticsearch-5.0.0/data/nodes/0] free: 26.7gb[11.4%], replicas will not be assigned to this node
[2020-04-24T14:28:10,290][INFO ][o.e.c.r.a.DiskThresholdMonitor] [x6gkER-] low disk watermark [85%] exceeded on [x6gkER-kSlitpB9x61_PNQ][x6gkER-][/www/projects/elasticsearch-5.0.0/data/nodes/0] free: 26.7gb[11.4%], replicas will not be assigned to this node
[2020-04-24T14:28:40,306][INFO ][o.e.c.r.a.DiskThresholdMonitor] [x6gkER-] low disk watermark [85%] exceeded on [x6gkER-kSlitpB9x61_PNQ][x6gkER-][/www/projects/elasticsearch-5.0.0/data/nodes/0] free: 26.7gb[11.4%], replicas will not be assigned to this node
[2020-04-24T14:29:10,322][INFO ][o.e.c.r.a.DiskThresholdMonitor] [x6gkER-] low disk watermark [85%] exceeded on [x6gkER-kSlitpB9x61_PNQ][x6gkER-][/www/projects/elasticsearch-5.0.0/data/nodes/0] free: 26.6gb[11.4%], replicas will not be assigned to this node
[2020-04-24T14:29:40,338][INFO ][o.e.c.r.a.DiskThresholdMonitor] [x6gkER-] low disk watermark [85%] exceeded on [x6gkER-kSlitpB9x61_PNQ][x6gkER-][/www/projects/elasticsearch-5.0.0/data/nodes/0] free: 26.7gb[11.4%], replicas will not be assigned to this node
[2020-04-24T14:30:10,354][INFO ][o.e.c.r.a.DiskThresholdMonitor] [x6gkER-] low disk watermark [85%] exceeded on [x6gkER-kSlitpB9x61_PNQ][x6gkER-][/www/projects/elasticsearch-5.0.0/data/nodes/0] free: 26.7gb[11.4%], replicas will not be assigned to this node
[2020-04-24T14:30:40,368][INFO ][o.e.c.r.a.DiskThresholdMonitor] [x6gkER-] low disk watermark [85%] exceeded on [x6gkER-kSlitpB9x61_PNQ][x6gkER-][/www/projects/elasticsearch-5.0.0/data/nodes/0] free: 26.7gb[11.4%], replicas will not be assigned to this node
[2020-04-24T14:31:10,381][INFO ][o.e.c.r.a.DiskThresholdMonitor] [x6gkER-] low disk watermark [85%] exceeded on [x6gkER-kSlitpB9x61_PNQ][x6gkER-][/www/projects/elasticsearch-5.0.0/data/nodes/0] free: 26.7gb[11.4%], replicas will not be assigned to this node
[2020-04-24T14:31:40,397][INFO ][o.e.c.r.a.DiskThresholdMonitor] [x6gkER-] low disk watermark [85%] exceeded on [x6gkER-kSlitpB9x61_PNQ][x6gkER-][/www/projects/elasticsearch-5.0.0/data/nodes/0] free: 26.7gb[11.4%], replicas will not be assigned to this node
[2020-04-24T14:32:10,412][INFO ][o.e.c.r.a.DiskThresholdMonitor] [x6gkER-] low disk watermark [85%] exceeded on [x6gkER-kSlitpB9x61_PNQ][x6gkER-][/www/projects/elasticsearch-5.0.0/data/nodes/0] free: 26.7gb[11.4%], replicas will not be assigned to this node
[2020-04-24T14:32:40,426][INFO ][o.e.c.r.a.DiskThresholdMonitor] [x6gkER-] low disk watermark [85%] exceeded on [x6gkER-kSlitpB9x61_PNQ][x6gkER-][/www/projects/elasticsearch-5.0.0/data/nodes/0] free: 26.7gb[11.4%], replicas will not be assigned to this node
[2020-04-24T14:33:10,442][INFO ][o.e.c.r.a.DiskThresholdMonitor] [x6gkER-] low disk watermark [85%] exceeded on [x6gkER-kSlitpB9x61_PNQ][x6gkER-][/www/projects/elasticsearch-5.0.0/data/nodes/0] free: 26.7gb[11.4%], replicas will not be assigned to this node
[2020-04-24T14:33:40,462][INFO ][o.e.c.r.a.DiskThresholdMonitor] [x6gkER-] low disk watermark [85%] exceeded on [x6gkER-kSlitpB9x61_PNQ][x6gkER-][/www/projects/elasticsearch-5.0.0/data/nodes/0] free: 26.7gb[11.4%], replicas will not be assigned to this node
[2020-04-24T14:34:10,476][INFO ][o.e.c.r.a.DiskThresholdMonitor] [x6gkER-] low disk watermark [85%] exceeded on [x6gkER-kSlitpB9x61_PNQ][x6gkER-][/www/projects/elasticsearch-5.0.0/data/nodes/0] free: 26.7gb[11.4%], replicas will not be assigned to this node
[2020-04-24T14:34:40,488][INFO ][o.e.c.r.a.DiskThresholdMonitor] [x6gkER-] low disk watermark [85%] exceeded on [x6gkER-kSlitpB9x61_PNQ][x6gkER-][/www/projects/elasticsearch-5.0.0/data/nodes/0] free: 26.7gb[11.4%], replicas will not be assigned to this node
[2020-04-24T14:34:49,820][WARN ][o.e.t.n.Netty4Transport  ] [x6gkER-] exception caught on transport layer [[id: 0xefbbff6d, L:/0:0:0:0:0:0:0:1:9300 - R:/0:0:0:0:0:0:0:1:54353]], closing connection
java.lang.IllegalStateException: Received message from unsupported version: [6.8.0] minimal compatible version is: [5.0.0]
	at org.elasticsearch.transport.TcpTransport.messageReceived(TcpTransport.java:1199) ~[elasticsearch-5.0.0.jar:5.0.0]
	at org.elasticsearch.transport.netty4.Netty4MessageChannelHandler.channelRead(Netty4MessageChannelHandler.java:74) ~[transport-netty4-5.0.0.jar:5.0.0]
	at io.netty.channel.AbstractChannelHandlerContext.invokeChannelRead(AbstractChannelHandlerContext.java:372) [netty-transport-4.1.5.Final.jar:4.1.5.Final]
	at io.netty.channel.AbstractChannelHandlerContext.invokeChannelRead(AbstractChannelHandlerContext.java:358) [netty-transport-4.1.5.Final.jar:4.1.5.Final]
	at io.netty.channel.AbstractChannelHandlerContext.fireChannelRead(AbstractChannelHandlerContext.java:350) [netty-transport-4.1.5.Final.jar:4.1.5.Final]
	at io.netty.handler.codec.ByteToMessageDecoder.fireChannelRead(ByteToMessageDecoder.java:293) [netty-codec-4.1.5.Final.jar:4.1.5.Final]
	at io.netty.handler.codec.ByteToMessageDecoder.fireChannelRead(ByteToMessageDecoder.java:280) [netty-codec-4.1.5.Final.jar:4.1.5.Final]
	at io.netty.handler.codec.ByteToMessageDecoder.callDecode(ByteToMessageDecoder.java:396) [netty-codec-4.1.5.Final.jar:4.1.5.Final]
	at io.netty.handler.codec.ByteToMessageDecoder.channelRead(ByteToMessageDecoder.java:248) [netty-codec-4.1.5.Final.jar:4.1.5.Final]
	at io.netty.channel.AbstractChannelHandlerContext.invokeChannelRead(AbstractChannelHandlerContext.java:372) [netty-transport-4.1.5.Final.jar:4.1.5.Final]
	at io.netty.channel.AbstractChannelHandlerContext.invokeChannelRead(AbstractChannelHandlerContext.java:358) [netty-transport-4.1.5.Final.jar:4.1.5.Final]
	at io.netty.channel.AbstractChannelHandlerContext.fireChannelRead(AbstractChannelHandlerContext.java:350) [netty-transport-4.1.5.Final.jar:4.1.5.Final]
	at io.netty.channel.ChannelInboundHandlerAdapter.channelRead(ChannelInboundHandlerAdapter.java:86) [netty-transport-4.1.5.Final.jar:4.1.5.Final]
	at io.netty.channel.AbstractChannelHandlerContext.invokeChannelRead(AbstractChannelHandlerContext.java:372) [netty-transport-4.1.5.Final.jar:4.1.5.Final]
	at io.netty.channel.AbstractChannelHandlerContext.invokeChannelRead(AbstractChannelHandlerContext.java:358) [netty-transport-4.1.5.Final.jar:4.1.5.Final]
	at io.netty.channel.AbstractChannelHandlerContext.fireChannelRead(AbstractChannelHandlerContext.java:350) [netty-transport-4.1.5.Final.jar:4.1.5.Final]
	at io.netty.channel.DefaultChannelPipeline$HeadContext.channelRead(DefaultChannelPipeline.java:1334) [netty-transport-4.1.5.Final.jar:4.1.5.Final]
	at io.netty.channel.AbstractChannelHandlerContext.invokeChannelRead(AbstractChannelHandlerContext.java:372) [netty-transport-4.1.5.Final.jar:4.1.5.Final]
	at io.netty.channel.AbstractChannelHandlerContext.invokeChannelRead(AbstractChannelHandlerContext.java:358) [netty-transport-4.1.5.Final.jar:4.1.5.Final]
	at io.netty.channel.DefaultChannelPipeline.fireChannelRead(DefaultChannelPipeline.java:926) [netty-transport-4.1.5.Final.jar:4.1.5.Final]
	at io.netty.channel.nio.AbstractNioByteChannel$NioByteUnsafe.read(AbstractNioByteChannel.java:129) [netty-transport-4.1.5.Final.jar:4.1.5.Final]
	at io.netty.channel.nio.NioEventLoop.processSelectedKey(NioEventLoop.java:610) [netty-transport-4.1.5.Final.jar:4.1.5.Final]
	at io.netty.channel.nio.NioEventLoop.processSelectedKeysPlain(NioEventLoop.java:513) [netty-transport-4.1.5.Final.jar:4.1.5.Final]
	at io.netty.channel.nio.NioEventLoop.processSelectedKeys(NioEventLoop.java:467) [netty-transport-4.1.5.Final.jar:4.1.5.Final]
	at io.netty.channel.nio.NioEventLoop.run(NioEventLoop.java:437) [netty-transport-4.1.5.Final.jar:4.1.5.Final]
	at io.netty.util.concurrent.SingleThreadEventExecutor$5.run(SingleThreadEventExecutor.java:873) [netty-common-4.1.5.Final.jar:4.1.5.Final]
	at java.lang.Thread.run(Thread.java:748) [?:1.8.0_221]
[2020-04-24T14:34:49,820][WARN ][o.e.t.n.Netty4Transport  ] [x6gkER-] exception caught on transport layer [[id: 0x3f2fae42, L:/127.0.0.1:9300 - R:/127.0.0.1:54360]], closing connection
java.lang.IllegalStateException: Received message from unsupported version: [6.8.0] minimal compatible version is: [5.0.0]
	at org.elasticsearch.transport.TcpTransport.messageReceived(TcpTransport.java:1199) ~[elasticsearch-5.0.0.jar:5.0.0]
	at org.elasticsearch.transport.netty4.Netty4MessageChannelHandler.channelRead(Netty4MessageChannelHandler.java:74) ~[transport-netty4-5.0.0.jar:5.0.0]
	at io.netty.channel.AbstractChannelHandlerContext.invokeChannelRead(AbstractChannelHandlerContext.java:372) [netty-transport-4.1.5.Final.jar:4.1.5.Final]
	at io.netty.channel.AbstractChannelHandlerContext.invokeChannelRead(AbstractChannelHandlerContext.java:358) [netty-transport-4.1.5.Final.jar:4.1.5.Final]
	at io.netty.channel.AbstractChannelHandlerContext.fireChannelRead(AbstractChannelHandlerContext.java:350) [netty-transport-4.1.5.Final.jar:4.1.5.Final]
	at io.netty.handler.codec.ByteToMessageDecoder.fireChannelRead(ByteToMessageDecoder.java:293) [netty-codec-4.1.5.Final.jar:4.1.5.Final]
	at io.netty.handler.codec.ByteToMessageDecoder.fireChannelRead(ByteToMessageDecoder.java:280) [netty-codec-4.1.5.Final.jar:4.1.5.Final]
	at io.netty.handler.codec.ByteToMessageDecoder.callDecode(ByteToMessageDecoder.java:396) [netty-codec-4.1.5.Final.jar:4.1.5.Final]
	at io.netty.handler.codec.ByteToMessageDecoder.channelRead(ByteToMessageDecoder.java:248) [netty-codec-4.1.5.Final.jar:4.1.5.Final]
	at io.netty.channel.AbstractChannelHandlerContext.invokeChannelRead(AbstractChannelHandlerContext.java:372) [netty-transport-4.1.5.Final.jar:4.1.5.Final]
	at io.netty.channel.AbstractChannelHandlerContext.invokeChannelRead(AbstractChannelHandlerContext.java:358) [netty-transport-4.1.5.Final.jar:4.1.5.Final]
	at io.netty.channel.AbstractChannelHandlerContext.fireChannelRead(AbstractChannelHandlerContext.java:350) [netty-transport-4.1.5.Final.jar:4.1.5.Final]
	at io.netty.channel.ChannelInboundHandlerAdapter.channelRead(ChannelInboundHandlerAdapter.java:86) [netty-transport-4.1.5.Final.jar:4.1.5.Final]
	at io.netty.channel.AbstractChannelHandlerContext.invokeChannelRead(AbstractChannelHandlerContext.java:372) [netty-transport-4.1.5.Final.jar:4.1.5.Final]
	at io.netty.channel.AbstractChannelHandlerContext.invokeChannelRead(AbstractChannelHandlerContext.java:358) [netty-transport-4.1.5.Final.jar:4.1.5.Final]
	at io.netty.channel.AbstractChannelHandlerContext.fireChannelRead(AbstractChannelHandlerContext.java:350) [netty-transport-4.1.5.Final.jar:4.1.5.Final]
	at io.netty.channel.DefaultChannelPipeline$HeadContext.channelRead(DefaultChannelPipeline.java:1334) [netty-transport-4.1.5.Final.jar:4.1.5.Final]
	at io.netty.channel.AbstractChannelHandlerContext.invokeChannelRead(AbstractChannelHandlerContext.java:372) [netty-transport-4.1.5.Final.jar:4.1.5.Final]
	at io.netty.channel.AbstractChannelHandlerContext.invokeChannelRead(AbstractChannelHandlerContext.java:358) [netty-transport-4.1.5.Final.jar:4.1.5.Final]
	at io.netty.channel.DefaultChannelPipeline.fireChannelRead(DefaultChannelPipeline.java:926) [netty-transport-4.1.5.Final.jar:4.1.5.Final]
	at io.netty.channel.nio.AbstractNioByteChannel$NioByteUnsafe.read(AbstractNioByteChannel.java:129) [netty-transport-4.1.5.Final.jar:4.1.5.Final]
	at io.netty.channel.nio.NioEventLoop.processSelectedKey(NioEventLoop.java:610) [netty-transport-4.1.5.Final.jar:4.1.5.Final]
	at io.netty.channel.nio.NioEventLoop.processSelectedKeysPlain(NioEventLoop.java:513) [netty-transport-4.1.5.Final.jar:4.1.5.Final]
	at io.netty.channel.nio.NioEventLoop.processSelectedKeys(NioEventLoop.java:467) [netty-transport-4.1.5.Final.jar:4.1.5.Final]
	at io.netty.channel.nio.NioEventLoop.run(NioEventLoop.java:437) [netty-transport-4.1.5.Final.jar:4.1.5.Final]
	at io.netty.util.concurrent.SingleThreadEventExecutor$5.run(SingleThreadEventExecutor.java:873) [netty-common-4.1.5.Final.jar:4.1.5.Final]
	at java.lang.Thread.run(Thread.java:748) [?:1.8.0_221]
[2020-04-24T14:35:10,498][INFO ][o.e.c.r.a.DiskThresholdMonitor] [x6gkER-] low disk watermark [85%] exceeded on [x6gkER-kSlitpB9x61_PNQ][x6gkER-][/www/projects/elasticsearch-5.0.0/data/nodes/0] free: 25.7gb[11%], replicas will not be assigned to this node
[2020-04-24T14:35:40,511][INFO ][o.e.c.r.a.DiskThresholdMonitor] [x6gkER-] low disk watermark [85%] exceeded on [x6gkER-kSlitpB9x61_PNQ][x6gkER-][/www/projects/elasticsearch-5.0.0/data/nodes/0] free: 25.7gb[11%], replicas will not be assigned to this node
[2020-04-24T14:36:10,529][INFO ][o.e.c.r.a.DiskThresholdMonitor] [x6gkER-] low disk watermark [85%] exceeded on [x6gkER-kSlitpB9x61_PNQ][x6gkER-][/www/projects/elasticsearch-5.0.0/data/nodes/0] free: 25.7gb[11%], replicas will not be assigned to this node
[2020-04-24T14:36:40,542][INFO ][o.e.c.r.a.DiskThresholdMonitor] [x6gkER-] low disk watermark [85%] exceeded on [x6gkER-kSlitpB9x61_PNQ][x6gkER-][/www/projects/elasticsearch-5.0.0/data/nodes/0] free: 24.7gb[10.5%], replicas will not be assigned to this node
[2020-04-24T14:37:10,564][INFO ][o.e.c.r.a.DiskThresholdMonitor] [x6gkER-] low disk watermark [85%] exceeded on [x6gkER-kSlitpB9x61_PNQ][x6gkER-][/www/projects/elasticsearch-5.0.0/data/nodes/0] free: 24.7gb[10.5%], replicas will not be assigned to this node
[2020-04-24T14:37:40,583][INFO ][o.e.c.r.a.DiskThresholdMonitor] [x6gkER-] low disk watermark [85%] exceeded on [x6gkER-kSlitpB9x61_PNQ][x6gkER-][/www/projects/elasticsearch-5.0.0/data/nodes/0] free: 24.7gb[10.5%], replicas will not be assigned to this node
[2020-04-24T14:37:44,132][INFO ][o.e.c.m.MetaDataCreateIndexService] [x6gkER-] [contacts-development-manuscripts-v3] creating index, cause [auto(update api)], templates [], shards [5]/[1], mappings []
[2020-04-24T14:38:05,782][INFO ][o.e.n.Node               ] [x6gkER-] stopping ...
[2020-04-24T14:38:05,872][INFO ][o.e.n.Node               ] [x6gkER-] stopped
[2020-04-24T14:38:05,872][INFO ][o.e.n.Node               ] [x6gkER-] closing ...
[2020-04-24T14:38:05,887][INFO ][o.e.n.Node               ] [x6gkER-] closed
